<?xml version="1.0" encoding="UTF-8"?>
<!-- Generated by org.testng.reporters.JUnitXMLReporter -->
<testsuite hostname="LAPTOP-0B97RDP4" ignored="3" name="Default test(failed)" tests="1" failures="0" timestamp="2022-04-15T11:58:05 IST" time="20.32" errors="0">
  <testcase name="validateLoginTest" time="7.36" classname="sdet.testbase.LoginPageTest"/>
  <testcase name="validateLogoTest" time="0.0" classname="sdet.testbase.LoginPageTest">
    <ignored/>
  </testcase> <!-- validateLogoTest -->
  <testcase name="validateLoginTeat1" time="0.0" classname="sdet.testbase.LoginPageTest">
    <ignored/>
  </testcase> <!-- validateLoginTeat1 -->
  <testcase name="validateLinkTest" time="0.0" classname="sdet.testbase.LoginPageTest">
    <ignored/>
  </testcase> <!-- validateLinkTest -->
</testsuite> <!-- Default test(failed) -->
